TN:
SF:controllers\academic.js
FN:6,(anonymous_0)
FN:29,(anonymous_1)
FN:48,(anonymous_2)
FN:65,(anonymous_3)
FN:101,(anonymous_4)
FNF:5
FNH:1
FNDA:1,(anonymous_0)
FNDA:0,(anonymous_1)
FNDA:0,(anonymous_2)
FNDA:0,(anonymous_3)
FNDA:0,(anonymous_4)
DA:1,7
DA:6,7
DA:7,1
DA:8,1
DA:10,1
DA:11,1
DA:14,1
DA:19,0
DA:29,7
DA:30,0
DA:31,0
DA:41,0
DA:47,0
DA:48,0
DA:49,0
DA:55,0
DA:65,7
DA:66,0
DA:68,0
DA:69,0
DA:75,0
DA:84,0
DA:91,0
DA:101,7
DA:102,0
DA:104,0
DA:105,0
DA:112,0
DA:114,0
DA:115,0
DA:121,0
DA:122,0
DA:125,0
DA:126,0
DA:128,0
DA:135,0
LF:36
LH:10
BRDA:10,0,0,1
BRDA:10,0,1,0
BRDA:47,1,0,0
BRDA:47,1,1,0
BRDA:68,2,0,0
BRDA:68,2,1,0
BRDA:104,3,0,0
BRDA:104,3,1,0
BRDA:114,4,0,0
BRDA:114,4,1,0
BRDA:121,5,0,0
BRDA:121,5,1,0
BRF:12
BRH:1
end_of_record
TN:
SF:controllers\achievements.js
FN:7,(anonymous_0)
FN:27,(anonymous_1)
FN:50,(anonymous_2)
FNF:3
FNH:1
FNDA:1,(anonymous_0)
FNDA:0,(anonymous_1)
FNDA:0,(anonymous_2)
DA:1,7
DA:2,7
DA:7,7
DA:8,1
DA:9,1
DA:11,1
DA:17,0
DA:27,7
DA:28,0
DA:29,0
DA:34,0
DA:40,0
DA:50,7
DA:51,0
DA:52,0
DA:55,0
DA:70,0
DA:79,0
DA:84,0
LF:19
LH:8
BRF:0
BRH:0
end_of_record
TN:
SF:controllers\activity.js
FN:7,(anonymous_0)
FN:29,(anonymous_1)
FN:52,(anonymous_2)
FNF:3
FNH:1
FNDA:1,(anonymous_0)
FNDA:0,(anonymous_1)
FNDA:0,(anonymous_2)
DA:1,7
DA:2,7
DA:7,7
DA:8,1
DA:9,1
DA:13,1
DA:19,0
DA:29,7
DA:30,0
DA:31,0
DA:36,0
DA:42,0
DA:52,7
DA:53,0
DA:54,0
DA:56,0
DA:65,0
DA:70,0
LF:18
LH:8
BRF:0
BRH:0
end_of_record
TN:
SF:controllers\ai.js
FN:10,(anonymous_0)
FN:37,(anonymous_1)
FN:102,(anonymous_2)
FN:137,(anonymous_3)
FN:176,(anonymous_4)
FN:217,(anonymous_5)
FN:247,(anonymous_6)
FN:275,(anonymous_7)
FN:318,(anonymous_8)
FN:350,(anonymous_9)
FN:419,(anonymous_10)
FN:485,(anonymous_11)
FN:527,(anonymous_12)
FN:591,(anonymous_13)
FNF:14
FNH:7
FNDA:1,(anonymous_0)
FNDA:1,(anonymous_1)
FNDA:0,(anonymous_2)
FNDA:1,(anonymous_3)
FNDA:0,(anonymous_4)
FNDA:0,(anonymous_5)
FNDA:1,(anonymous_6)
FNDA:1,(anonymous_7)
FNDA:1,(anonymous_8)
FNDA:1,(anonymous_9)
FNDA:0,(anonymous_10)
FNDA:0,(anonymous_11)
FNDA:0,(anonymous_12)
FNDA:0,(anonymous_13)
DA:1,7
DA:2,7
DA:3,7
DA:4,7
DA:5,7
DA:6,7
DA:7,7
DA:10,7
DA:11,1
DA:14,1
DA:15,0
DA:16,0
DA:18,0
DA:20,0
DA:24,1
DA:26,1
DA:28,0
DA:30,0
DA:32,0
DA:37,7
DA:38,1
DA:40,1
DA:42,1
DA:43,0
DA:55,1
DA:56,0
DA:66,1
DA:67,0
DA:77,1
DA:78,0
DA:84,1
DA:89,0
DA:91,0
DA:93,0
DA:95,0
DA:97,0
DA:102,7
DA:103,0
DA:106,0
DA:107,0
DA:110,0
DA:111,0
DA:112,0
DA:113,0
DA:118,0
DA:119,0
DA:120,0
DA:121,0
DA:125,0
DA:128,0
DA:130,0
DA:137,7
DA:138,1
DA:139,1
DA:142,1
DA:143,0
DA:149,1
DA:165,0
DA:166,0
DA:168,0
DA:176,7
DA:177,0
DA:178,0
DA:181,0
DA:182,0
DA:190,0
DA:202,0
DA:203,0
DA:206,0
DA:207,0
DA:209,0
DA:217,7
DA:218,0
DA:220,0
DA:236,0
DA:237,0
DA:239,0
DA:247,7
DA:248,1
DA:249,1
DA:251,1
DA:252,1
DA:253,1
DA:254,1
DA:255,0
DA:257,1
DA:258,1
DA:259,1
DA:260,1
DA:265,1
DA:266,1
DA:267,1
DA:268,1
DA:271,0
DA:275,7
DA:276,1
DA:277,1
DA:278,1
DA:280,1
DA:282,1
DA:283,1
DA:285,0
DA:291,0
DA:293,0
DA:299,0
DA:301,0
DA:302,0
DA:304,0
DA:305,0
DA:308,1
DA:318,7
DA:319,1
DA:320,1
DA:321,1
DA:326,1
DA:327,0
DA:330,1
DA:334,1
DA:340,0
DA:350,7
DA:351,1
DA:352,1
DA:353,1
DA:355,1
DA:356,0
DA:362,1
DA:365,1
DA:377,1
DA:378,0
DA:385,0
DA:388,1
DA:396,0
DA:397,0
DA:406,0
DA:409,0
DA:419,7
DA:420,0
DA:421,0
DA:423,0
DA:424,0
DA:430,0
DA:432,0
DA:443,0
DA:444,0
DA:451,0
DA:454,0
DA:462,0
DA:463,0
DA:472,0
DA:475,0
DA:485,7
DA:486,0
DA:487,0
DA:489,0
DA:490,0
DA:496,0
DA:498,0
DA:509,0
DA:517,0
DA:527,7
DA:528,0
DA:529,0
DA:531,0
DA:532,0
DA:538,0
DA:540,0
DA:551,0
DA:558,0
DA:560,0
DA:568,0
DA:569,0
DA:578,0
DA:581,0
DA:591,7
DA:592,0
DA:593,0
DA:595,0
DA:596,0
DA:602,0
DA:604,0
DA:615,0
DA:622,0
DA:624,0
DA:632,0
DA:633,0
DA:642,0
DA:645,0
LF:187
LH:71
BRDA:14,0,0,0
BRDA:14,0,1,1
BRDA:14,1,0,1
BRDA:14,1,1,0
BRDA:24,2,0,1
BRDA:24,2,1,0
BRDA:24,2,2,0
BRDA:24,2,3,0
BRDA:38,3,0,1
BRDA:38,3,1,0
BRDA:38,3,2,0
BRDA:40,4,0,1
BRDA:40,4,1,0
BRDA:40,4,2,0
BRDA:40,4,3,0
BRDA:40,4,4,0
BRDA:40,4,5,0
BRDA:42,5,0,0
BRDA:42,5,1,1
BRDA:55,6,0,0
BRDA:55,6,1,1
BRDA:66,7,0,0
BRDA:66,7,1,1
BRDA:77,8,0,0
BRDA:77,8,1,1
BRDA:84,9,0,1
BRDA:84,9,1,0
BRDA:85,10,0,1
BRDA:85,10,1,0
BRDA:91,11,0,0
BRDA:91,11,1,0
BRDA:91,11,2,0
BRDA:93,12,0,0
BRDA:93,12,1,0
BRDA:93,13,0,0
BRDA:93,13,1,0
BRDA:106,14,0,0
BRDA:106,14,1,0
BRDA:107,15,0,0
BRDA:107,15,1,0
BRDA:113,16,0,0
BRDA:113,16,1,0
BRDA:114,17,0,0
BRDA:114,17,1,0
BRDA:115,18,0,0
BRDA:115,18,1,0
BRDA:119,19,0,0
BRDA:119,19,1,0
BRDA:121,20,0,0
BRDA:121,20,1,0
BRDA:122,21,0,0
BRDA:122,21,1,0
BRDA:123,22,0,0
BRDA:123,22,1,0
BRDA:130,23,0,0
BRDA:130,23,1,0
BRDA:131,24,0,0
BRDA:131,24,1,0
BRDA:142,25,0,0
BRDA:142,25,1,1
BRDA:142,26,0,1
BRDA:142,26,1,0
BRDA:170,27,0,0
BRDA:170,27,1,0
BRDA:181,28,0,0
BRDA:181,28,1,0
BRDA:202,29,0,0
BRDA:202,29,1,0
BRDA:202,30,0,0
BRDA:202,30,1,0
BRDA:211,31,0,0
BRDA:211,31,1,0
BRDA:241,32,0,0
BRDA:241,32,1,0
BRDA:258,33,0,1
BRDA:258,33,1,1
BRDA:259,34,0,1
BRDA:259,34,1,0
BRDA:265,35,0,1
BRDA:265,35,1,0
BRDA:265,36,0,1
BRDA:265,36,1,1
BRDA:271,37,0,0
BRDA:271,37,1,0
BRDA:278,38,0,1
BRDA:278,38,1,0
BRDA:278,38,2,0
BRDA:280,39,0,1
BRDA:280,39,1,0
BRDA:280,39,2,0
BRDA:280,39,3,0
BRDA:280,39,4,0
BRDA:304,40,0,0
BRDA:304,40,1,0
BRDA:326,41,0,0
BRDA:326,41,1,1
BRDA:352,42,0,0
BRDA:352,43,0,0
BRDA:355,44,0,0
BRDA:355,44,1,1
BRDA:355,45,0,1
BRDA:355,45,1,0
BRDA:366,46,0,1
BRDA:366,46,1,0
BRDA:368,47,0,0
BRDA:368,47,1,1
BRDA:368,48,0,0
BRDA:368,48,1,0
BRDA:371,49,0,1
BRDA:371,49,1,1
BRDA:372,50,0,1
BRDA:372,50,1,1
BRDA:377,51,0,0
BRDA:377,51,1,1
BRDA:382,52,0,0
BRDA:382,52,1,0
BRDA:383,53,0,0
BRDA:383,53,1,0
BRDA:398,54,0,0
BRDA:398,54,1,0
BRDA:400,55,0,0
BRDA:400,55,1,0
BRDA:411,56,0,0
BRDA:411,56,1,0
BRDA:421,57,0,0
BRDA:421,58,0,0
BRDA:423,59,0,0
BRDA:423,59,1,0
BRDA:423,60,0,0
BRDA:423,60,1,0
BRDA:433,61,0,0
BRDA:433,61,1,0
BRDA:438,62,0,0
BRDA:438,62,1,0
BRDA:439,63,0,0
BRDA:439,63,1,0
BRDA:443,64,0,0
BRDA:443,64,1,0
BRDA:464,65,0,0
BRDA:464,65,1,0
BRDA:477,66,0,0
BRDA:477,66,1,0
BRDA:489,67,0,0
BRDA:489,67,1,0
BRDA:499,68,0,0
BRDA:499,68,1,0
BRDA:504,69,0,0
BRDA:504,69,1,0
BRDA:505,70,0,0
BRDA:505,70,1,0
BRDA:519,71,0,0
BRDA:519,71,1,0
BRDA:531,72,0,0
BRDA:531,72,1,0
BRDA:531,73,0,0
BRDA:531,73,1,0
BRDA:546,74,0,0
BRDA:546,74,1,0
BRDA:547,75,0,0
BRDA:547,75,1,0
BRDA:555,76,0,0
BRDA:555,76,1,0
BRDA:583,77,0,0
BRDA:583,77,1,0
BRDA:593,78,0,0
BRDA:595,79,0,0
BRDA:595,79,1,0
BRDA:595,80,0,0
BRDA:595,80,1,0
BRDA:610,81,0,0
BRDA:610,81,1,0
BRDA:611,82,0,0
BRDA:611,82,1,0
BRDA:647,83,0,0
BRDA:647,83,1,0
BRF:175
BRH:31
end_of_record
TN:
SF:controllers\analytics.js
FN:8,(anonymous_0)
FN:22,(anonymous_1)
FN:27,(anonymous_2)
FN:60,(anonymous_3)
FN:67,(anonymous_4)
FN:82,(anonymous_5)
FN:102,(anonymous_6)
FN:108,(anonymous_7)
FN:112,(anonymous_8)
FN:117,(anonymous_9)
FN:124,(anonymous_10)
FN:146,(anonymous_11)
FN:152,(anonymous_12)
FNF:13
FNH:2
FNDA:1,(anonymous_0)
FNDA:0,(anonymous_1)
FNDA:0,(anonymous_2)
FNDA:0,(anonymous_3)
FNDA:0,(anonymous_4)
FNDA:0,(anonymous_5)
FNDA:1,(anonymous_6)
FNDA:0,(anonymous_7)
FNDA:0,(anonymous_8)
FNDA:0,(anonymous_9)
FNDA:0,(anonymous_10)
FNDA:0,(anonymous_11)
FNDA:0,(anonymous_12)
DA:1,7
DA:2,7
DA:3,7
DA:8,7
DA:9,1
DA:11,1
DA:13,1
DA:14,1
DA:18,1
DA:21,1
DA:22,1
DA:23,1
DA:26,1
DA:27,1
DA:28,0
DA:29,0
DA:31,0
DA:35,1
DA:37,1
DA:50,0
DA:60,7
DA:61,0
DA:63,0
DA:66,0
DA:67,0
DA:68,0
DA:69,0
DA:70,0
DA:72,0
DA:76,0
DA:78,0
DA:82,0
DA:92,0
DA:102,7
DA:103,1
DA:105,1
DA:108,1
DA:109,1
DA:112,1
DA:113,1
DA:116,1
DA:117,1
DA:118,0
DA:119,0
DA:121,0
DA:124,1
DA:126,1
DA:136,0
DA:146,7
DA:147,0
DA:149,0
DA:151,0
DA:152,0
DA:153,0
DA:154,0
DA:159,0
DA:160,0
DA:168,0
DA:173,0
LF:59
LH:29
BRDA:13,0,0,1
BRDA:13,0,1,0
BRDA:28,1,0,0
BRDA:28,1,1,0
BRDA:44,2,0,0
BRDA:44,2,1,1
BRDA:69,3,0,0
BRDA:69,3,1,0
BRDA:108,4,0,0
BRDA:108,4,1,0
BRDA:109,5,0,0
BRDA:109,5,1,1
BRDA:112,6,0,0
BRDA:112,6,1,0
BRDA:113,7,0,0
BRDA:113,7,1,1
BRDA:118,8,0,0
BRDA:118,8,1,0
BRDA:124,9,0,0
BRDA:124,9,1,0
BRDA:153,10,0,0
BRDA:153,10,1,0
BRF:22
BRH:4
end_of_record
TN:
SF:controllers\auth.js
FN:10,(anonymous_0)
FN:24,(anonymous_1)
FN:93,(anonymous_2)
FN:110,(anonymous_3)
FN:174,(anonymous_4)
FN:193,(anonymous_5)
FN:220,(anonymous_6)
FN:237,(anonymous_7)
FN:264,(anonymous_8)
FN:324,(anonymous_9)
FN:362,(anonymous_10)
FN:415,(anonymous_11)
FN:459,(anonymous_12)
FN:501,(anonymous_13)
FN:521,(anonymous_14)
FN:563,(anonymous_15)
FNF:16
FNH:3
FNDA:0,(anonymous_0)
FNDA:3,(anonymous_1)
FNDA:0,(anonymous_2)
FNDA:1,(anonymous_3)
FNDA:1,(anonymous_4)
FNDA:0,(anonymous_5)
FNDA:0,(anonymous_6)
FNDA:0,(anonymous_7)
FNDA:0,(anonymous_8)
FNDA:0,(anonymous_9)
FNDA:0,(anonymous_10)
FNDA:0,(anonymous_11)
FNDA:0,(anonymous_12)
FNDA:0,(anonymous_13)
FNDA:0,(anonymous_14)
FNDA:0,(anonymous_15)
DA:1,7
DA:2,7
DA:3,7
DA:4,7
DA:5,7
DA:6,7
DA:7,7
DA:10,7
DA:12,0
DA:14,0
DA:24,7
DA:25,3
DA:26,3
DA:29,3
DA:36,2
DA:37,2
DA:38,2
DA:41,2
DA:42,2
DA:43,2
DA:46,2
DA:47,2
DA:50,2
DA:53,2
DA:60,2
DA:61,2
DA:68,2
DA:73,0
DA:74,0
DA:75,0
DA:77,0
DA:84,1
DA:85,1
DA:92,0
DA:93,0
DA:94,0
DA:100,0
DA:110,7
DA:111,1
DA:112,1
DA:115,1
DA:116,0
DA:123,1
DA:125,1
DA:126,0
DA:133,1
DA:135,1
DA:136,0
DA:143,1
DA:144,1
DA:151,0
DA:152,0
DA:155,0
DA:162,0
DA:164,0
DA:174,7
DA:175,1
DA:176,1
DA:178,1
DA:183,0
DA:193,7
DA:194,0
DA:195,0
DA:200,0
DA:205,0
DA:211,0
DA:212,0
DA:219,0
DA:220,0
DA:221,0
DA:227,0
DA:237,7
DA:238,0
DA:239,0
DA:242,0
DA:243,0
DA:249,0
DA:250,0
DA:252,0
DA:254,0
DA:264,7
DA:265,0
DA:266,0
DA:268,0
DA:269,0
DA:276,0
DA:277,0
DA:280,0
DA:281,0
DA:284,0
DA:291,0
DA:292,0
DA:299,0
DA:304,0
DA:305,0
DA:306,0
DA:308,0
DA:314,0
DA:324,7
DA:325,0
DA:327,0
DA:332,0
DA:337,0
DA:338,0
DA:345,0
DA:346,0
DA:347,0
DA:348,0
DA:350,0
DA:352,0
DA:362,7
DA:363,0
DA:365,0
DA:367,0
DA:368,0
DA:375,0
DA:380,0
DA:385,0
DA:386,0
DA:393,0
DA:394,0
DA:395,0
DA:396,0
DA:397,0
DA:398,0
DA:400,0
DA:405,0
DA:415,7
DA:416,0
DA:417,0
DA:420,0
DA:421,0
DA:428,0
DA:430,0
DA:431,0
DA:438,0
DA:440,0
DA:441,0
DA:447,0
DA:449,0
DA:459,7
DA:460,0
DA:461,0
DA:464,0
DA:465,0
DA:472,0
DA:486,0
DA:491,0
DA:501,7
DA:502,0
DA:503,0
DA:505,0
DA:511,0
DA:521,7
DA:522,0
DA:524,0
DA:525,0
DA:527,0
DA:541,0
DA:542,0
DA:548,0
DA:553,0
DA:563,7
DA:564,0
DA:565,0
DA:576,0
DA:577,0
DA:583,0
DA:588,0
LF:169
LH:51
BRDA:84,0,0,1
BRDA:84,0,1,0
BRDA:92,1,0,0
BRDA:92,1,1,0
BRDA:115,2,0,0
BRDA:115,2,1,1
BRDA:115,3,0,1
BRDA:115,3,1,1
BRDA:125,4,0,0
BRDA:125,4,1,1
BRDA:135,5,0,0
BRDA:135,5,1,1
BRDA:143,6,0,1
BRDA:143,6,1,0
BRDA:211,7,0,0
BRDA:211,7,1,0
BRDA:219,8,0,0
BRDA:219,8,1,0
BRDA:242,9,0,0
BRDA:242,9,1,0
BRDA:268,10,0,0
BRDA:268,10,1,0
BRDA:280,11,0,0
BRDA:280,11,1,0
BRDA:337,12,0,0
BRDA:337,12,1,0
BRDA:367,13,0,0
BRDA:367,13,1,0
BRDA:385,14,0,0
BRDA:385,14,1,0
BRDA:397,15,0,0
BRDA:397,15,1,0
BRDA:420,16,0,0
BRDA:420,16,1,0
BRDA:420,17,0,0
BRDA:420,17,1,0
BRDA:430,18,0,0
BRDA:430,18,1,0
BRDA:440,19,0,0
BRDA:440,19,1,0
BRDA:464,20,0,0
BRDA:464,20,1,0
BRDA:464,21,0,0
BRDA:464,21,1,0
BRDA:532,22,0,0
BRDA:532,22,1,0
BRDA:541,23,0,0
BRDA:541,23,1,0
BRDA:576,24,0,0
BRDA:576,24,1,0
BRF:50
BRH:7
end_of_record
TN:
SF:controllers\preference.js
FN:6,(anonymous_0)
FN:29,(anonymous_1)
FNF:2
FNH:2
FNDA:1,(anonymous_0)
FNDA:1,(anonymous_1)
DA:1,7
DA:6,7
DA:7,1
DA:8,1
DA:10,1
DA:11,0
DA:14,1
DA:19,0
DA:29,7
DA:30,1
DA:31,1
DA:41,1
DA:46,0
LF:13
LH:10
BRDA:10,0,0,0
BRDA:10,0,1,1
BRF:2
BRH:1
end_of_record
TN:
SF:controllers\study.js
FN:11,(anonymous_0)
FN:31,(anonymous_1)
FN:60,(anonymous_2)
FN:93,(anonymous_3)
FN:110,(anonymous_4)
FN:140,(anonymous_5)
FN:157,(anonymous_6)
FN:188,(anonymous_7)
FN:191,(anonymous_8)
FN:211,(anonymous_9)
FN:255,(anonymous_10)
FN:257,(anonymous_11)
FN:292,(anonymous_12)
FN:313,(anonymous_13)
FN:344,(anonymous_14)
FN:347,(anonymous_15)
FN:365,(anonymous_16)
FN:397,(anonymous_17)
FN:399,(anonymous_18)
FNF:19
FNH:2
FNDA:1,(anonymous_0)
FNDA:0,(anonymous_1)
FNDA:0,(anonymous_2)
FNDA:0,(anonymous_3)
FNDA:0,(anonymous_4)
FNDA:0,(anonymous_5)
FNDA:0,(anonymous_6)
FNDA:1,(anonymous_7)
FNDA:0,(anonymous_8)
FNDA:0,(anonymous_9)
FNDA:0,(anonymous_10)
FNDA:0,(anonymous_11)
FNDA:0,(anonymous_12)
FNDA:0,(anonymous_13)
FNDA:0,(anonymous_14)
FNDA:0,(anonymous_15)
FNDA:0,(anonymous_16)
FNDA:0,(anonymous_17)
FNDA:0,(anonymous_18)
DA:1,7
DA:2,7
DA:5,7
DA:6,7
DA:11,7
DA:12,1
DA:13,1
DA:15,1
DA:21,0
DA:31,7
DA:32,0
DA:33,0
DA:38,0
DA:39,0
DA:45,0
DA:50,0
DA:60,7
DA:61,0
DA:62,0
DA:64,0
DA:74,0
DA:75,0
DA:76,0
DA:83,0
DA:86,0
DA:92,0
DA:93,0
DA:94,0
DA:100,0
DA:110,7
DA:111,0
DA:112,0
DA:117,0
DA:118,0
DA:124,0
DA:133,0
DA:139,0
DA:140,0
DA:141,0
DA:147,0
DA:157,7
DA:158,0
DA:159,0
DA:164,0
DA:165,0
DA:171,0
DA:173,0
DA:178,0
DA:188,7
DA:189,1
DA:191,1
DA:192,0
DA:195,1
DA:201,0
DA:211,7
DA:212,0
DA:213,0
DA:215,0
DA:225,0
DA:228,0
DA:229,0
DA:230,0
DA:237,0
DA:240,0
DA:245,0
DA:255,7
DA:256,0
DA:257,0
DA:259,0
DA:260,0
DA:267,0
DA:268,0
DA:275,0
DA:277,0
DA:282,0
DA:292,7
DA:293,0
DA:296,0
DA:303,0
DA:313,7
DA:314,0
DA:315,0
DA:318,0
DA:329,0
DA:334,0
DA:344,7
DA:345,0
DA:347,0
DA:349,0
DA:355,0
DA:365,7
DA:366,0
DA:367,0
DA:369,0
DA:380,0
DA:382,0
DA:387,0
DA:397,7
DA:398,0
DA:399,0
DA:401,0
DA:402,0
DA:408,0
DA:409,0
DA:410,0
DA:413,0
DA:414,0
DA:415,0
DA:416,0
DA:419,0
DA:426,0
DA:429,0
DA:434,0
LF:113
LH:23
BRDA:38,0,0,0
BRDA:38,0,1,0
BRDA:75,1,0,0
BRDA:75,1,1,0
BRDA:92,2,0,0
BRDA:92,2,1,0
BRDA:117,3,0,0
BRDA:117,3,1,0
BRDA:139,4,0,0
BRDA:139,4,1,0
BRDA:164,5,0,0
BRDA:164,5,1,0
BRDA:192,6,0,0
BRDA:192,6,1,0
BRDA:229,7,0,0
BRDA:229,7,1,0
BRDA:259,8,0,0
BRDA:259,8,1,0
BRDA:267,9,0,0
BRDA:267,9,1,0
BRDA:399,10,0,0
BRDA:399,10,1,0
BRDA:401,11,0,0
BRDA:401,11,1,0
BRDA:414,12,0,0
BRDA:414,12,1,0
BRF:26
BRH:0
end_of_record
TN:
SF:controllers\studySessions.js
FN:6,(anonymous_0)
FN:32,(anonymous_1)
FN:67,(anonymous_2)
FN:98,(anonymous_3)
FN:138,(anonymous_4)
FN:155,(anonymous_5)
FN:176,(anonymous_6)
FNF:7
FNH:0
FNDA:0,(anonymous_0)
FNDA:0,(anonymous_1)
FNDA:0,(anonymous_2)
FNDA:0,(anonymous_3)
FNDA:0,(anonymous_4)
FNDA:0,(anonymous_5)
FNDA:0,(anonymous_6)
DA:1,7
DA:6,7
DA:7,0
DA:8,0
DA:10,0
DA:11,0
DA:17,0
DA:22,0
DA:32,7
DA:33,0
DA:34,0
DA:36,0
DA:37,0
DA:43,0
DA:44,0
DA:50,0
DA:52,0
DA:57,0
DA:67,7
DA:68,0
DA:69,0
DA:71,0
DA:72,0
DA:78,0
DA:88,0
DA:98,7
DA:99,0
DA:100,0
DA:102,0
DA:103,0
DA:110,0
DA:112,0
DA:113,0
DA:119,0
DA:122,0
DA:129,0
DA:131,0
DA:137,0
DA:138,0
DA:139,0
DA:145,0
DA:155,7
DA:156,0
DA:161,0
DA:166,0
DA:176,7
DA:177,0
DA:182,0
DA:187,0
LF:49
LH:7
BRDA:10,0,0,0
BRDA:10,0,1,0
BRDA:19,1,0,0
BRDA:19,1,1,0
BRDA:36,2,0,0
BRDA:36,2,1,0
BRDA:43,3,0,0
BRDA:43,3,1,0
BRDA:43,4,0,0
BRDA:43,4,1,0
BRDA:50,5,0,0
BRDA:50,5,1,0
BRDA:71,6,0,0
BRDA:71,6,1,0
BRDA:80,7,0,0
BRDA:80,7,1,0
BRDA:102,8,0,0
BRDA:102,8,1,0
BRDA:102,9,0,0
BRDA:102,9,1,0
BRDA:112,10,0,0
BRDA:112,10,1,0
BRDA:119,11,0,0
BRDA:119,11,1,0
BRDA:137,12,0,0
BRDA:137,12,1,0
BRF:26
BRH:0
end_of_record
TN:
SF:controllers\users.js
FN:6,(anonymous_0)
FN:26,(anonymous_1)
FN:52,(anonymous_2)
FNF:3
FNH:0
FNDA:0,(anonymous_0)
FNDA:0,(anonymous_1)
FNDA:0,(anonymous_2)
DA:1,7
DA:6,7
DA:7,0
DA:8,0
DA:10,0
DA:16,0
DA:26,7
DA:27,0
DA:28,0
DA:30,0
DA:31,0
DA:37,0
DA:42,0
DA:52,7
DA:53,0
DA:54,0
DA:56,0
DA:57,0
DA:64,0
DA:67,0
DA:69,0
DA:70,0
DA:72,0
DA:73,0
DA:75,0
DA:78,0
DA:80,0
DA:85,0
LF:28
LH:4
BRDA:30,0,0,0
BRDA:30,0,1,0
BRDA:56,1,0,0
BRDA:56,1,1,0
BRDA:67,2,0,0
BRDA:67,2,1,0
BRDA:67,2,2,0
BRDA:69,3,0,0
BRDA:69,3,1,0
BRDA:72,4,0,0
BRDA:72,4,1,0
BRDA:75,5,0,0
BRDA:75,5,1,0
BRF:13
BRH:0
end_of_record
TN:
SF:middleware\admin.js
FN:4,(anonymous_0)
FNF:1
FNH:0
FNDA:0,(anonymous_0)
DA:1,7
DA:4,7
DA:5,0
DA:6,0
DA:8,0
DA:9,0
DA:15,0
DA:16,0
DA:22,0
DA:24,0
LF:10
LH:2
BRDA:8,0,0,0
BRDA:8,0,1,0
BRDA:15,1,0,0
BRDA:15,1,1,0
BRF:4
BRH:0
end_of_record
TN:
SF:middleware\auth.js
FN:5,(anonymous_0)
FN:56,(anonymous_1)
FN:112,(anonymous_2)
FN:113,(anonymous_3)
FN:125,(anonymous_4)
FNF:5
FNH:4
FNDA:11,(anonymous_0)
FNDA:1,(anonymous_1)
FNDA:28,(anonymous_2)
FNDA:0,(anonymous_3)
FNDA:1,(anonymous_4)
DA:1,7
DA:2,7
DA:5,7
DA:8,11
DA:12,11
DA:16,11
DA:17,0
DA:23,11
DA:25,11
DA:28,11
DA:29,11
DA:30,0
DA:37,11
DA:38,0
DA:45,11
DA:46,11
DA:48,0
DA:56,7
DA:59,1
DA:63,0
DA:67,1
DA:69,1
DA:76,1
DA:79,0
DA:81,0
DA:84,0
DA:85,0
DA:86,0
DA:93,0
DA:94,0
DA:101,0
DA:102,0
DA:104,0
DA:112,7
DA:113,28
DA:114,0
DA:115,0
DA:120,0
DA:125,7
DA:126,1
DA:128,1
DA:129,1
DA:130,0
DA:135,1
DA:136,1
DA:139,0
DA:142,0
DA:143,0
DA:147,0
DA:148,0
DA:155,0
DA:156,0
DA:158,0
DA:159,0
DA:161,0
LF:55
LH:26
BRDA:8,0,0,11
BRDA:8,0,1,0
BRDA:9,1,0,11
BRDA:9,1,1,11
BRDA:16,2,0,0
BRDA:16,2,1,11
BRDA:29,3,0,0
BRDA:29,3,1,11
BRDA:37,4,0,0
BRDA:37,4,1,11
BRDA:59,5,0,0
BRDA:59,5,1,1
BRDA:60,6,0,1
BRDA:60,6,1,0
BRDA:67,7,0,1
BRDA:67,7,1,0
BRDA:74,8,0,1
BRDA:74,8,1,0
BRDA:85,9,0,0
BRDA:85,9,1,0
BRDA:93,10,0,0
BRDA:93,10,1,0
BRDA:114,11,0,0
BRDA:114,11,1,0
BRDA:128,12,0,1
BRDA:128,12,1,0
BRDA:129,13,0,0
BRDA:129,13,1,1
BRDA:142,14,0,0
BRDA:142,14,1,0
BRDA:147,15,0,0
BRDA:147,15,1,0
BRF:32
BRH:12
end_of_record
TN:
SF:middleware\cloudinaryMultipleUpload.js
FN:16,(anonymous_0)
FNF:1
FNH:0
FNDA:0,(anonymous_0)
DA:1,0
DA:2,0
DA:3,0
DA:6,0
DA:16,0
DA:18,0
DA:27,0
DA:29,0
DA:33,0
DA:41,0
LF:10
LH:0
BRDA:18,0,0,0
BRDA:18,0,1,0
BRDA:19,1,0,0
BRDA:19,1,1,0
BRDA:19,1,2,0
BRDA:19,1,3,0
BRDA:19,1,4,0
BRDA:19,1,5,0
BRDA:19,1,6,0
BRF:9
BRH:0
end_of_record
TN:
SF:middleware\cloudinaryUpload.js
FN:16,(anonymous_0)
FNF:1
FNH:0
FNDA:0,(anonymous_0)
DA:1,7
DA:2,7
DA:3,7
DA:6,7
DA:16,7
DA:18,0
DA:27,0
DA:29,0
DA:33,7
DA:41,7
LF:10
LH:7
BRDA:18,0,0,0
BRDA:18,0,1,0
BRDA:19,1,0,0
BRDA:19,1,1,0
BRDA:19,1,2,0
BRDA:19,1,3,0
BRDA:19,1,4,0
BRDA:19,1,5,0
BRDA:19,1,6,0
BRF:9
BRH:0
end_of_record
TN:
SF:models\AIRequest.js
FNF:0
FNH:0
DA:1,7
DA:3,7
DA:56,7
LF:3
LH:3
BRF:0
BRH:0
end_of_record
TN:
SF:models\AcademicInfo.js
FNF:0
FNH:0
DA:1,7
DA:3,7
DA:53,7
LF:3
LH:3
BRF:0
BRH:0
end_of_record
TN:
SF:models\Achievement.js
FNF:0
FNH:0
DA:1,7
DA:3,7
DA:51,7
DA:53,7
LF:4
LH:4
BRF:0
BRH:0
end_of_record
TN:
SF:models\Activity.js
FNF:0
FNH:0
DA:1,7
DA:3,7
DA:48,7
DA:50,7
LF:4
LH:4
BRF:0
BRH:0
end_of_record
TN:
SF:models\Analytics.js
FNF:0
FNH:0
DA:1,7
DA:3,7
DA:48,7
LF:3
LH:3
BRF:0
BRH:0
end_of_record
TN:
SF:models\Preference.js
FNF:0
FNH:0
DA:1,7
DA:3,7
DA:50,7
LF:3
LH:3
BRF:0
BRH:0
end_of_record
TN:
SF:models\StudyMaterial.js
FNF:0
FNH:0
DA:1,7
DA:3,7
DA:42,7
LF:3
LH:3
BRF:0
BRH:0
end_of_record
TN:
SF:models\StudySession.js
FNF:0
FNH:0
DA:1,0
DA:3,0
DA:54,0
LF:3
LH:0
BRF:0
BRH:0
end_of_record
TN:
SF:models\User.js
FN:40,(anonymous_0)
FN:57,(anonymous_1)
FN:212,(anonymous_2)
FN:222,(anonymous_3)
FN:229,(anonymous_4)
FN:234,(anonymous_5)
FN:246,(anonymous_6)
FN:251,(anonymous_7)
FN:276,(anonymous_8)
FN:290,(anonymous_9)
FN:296,(anonymous_10)
FN:306,(anonymous_11)
FNF:12
FNH:7
FNDA:16,(anonymous_0)
FNDA:16,(anonymous_1)
FNDA:20,(anonymous_2)
FNDA:12,(anonymous_3)
FNDA:1,(anonymous_4)
FNDA:11,(anonymous_5)
FNDA:0,(anonymous_6)
FNDA:0,(anonymous_7)
FNDA:2,(anonymous_8)
FNDA:0,(anonymous_9)
FNDA:0,(anonymous_10)
FNDA:0,(anonymous_11)
DA:1,7
DA:2,7
DA:3,7
DA:5,7
DA:41,16
DA:42,16
DA:43,0
DA:44,0
DA:45,0
DA:46,0
DA:47,0
DA:57,16
DA:212,7
DA:213,20
DA:214,4
DA:217,20
DA:218,20
DA:222,7
DA:223,12
DA:229,7
DA:230,1
DA:234,7
DA:235,11
DA:236,0
DA:240,0
DA:242,11
DA:246,7
DA:247,0
DA:251,7
DA:252,0
DA:254,0
DA:256,0
DA:257,0
DA:261,0
DA:264,0
DA:265,0
DA:268,0
DA:269,0
DA:270,0
DA:272,0
DA:276,7
DA:278,2
DA:281,2
DA:284,2
DA:286,2
DA:290,7
DA:291,0
DA:292,0
DA:296,7
DA:298,0
DA:299,0
DA:301,0
DA:302,0
DA:306,7
DA:307,0
DA:308,0
DA:311,0
DA:312,0
DA:315,0
DA:316,0
DA:317,0
DA:318,0
DA:321,0
DA:322,0
DA:325,0
DA:328,7
LF:66
LH:30
BRDA:41,0,0,16
BRDA:41,0,1,0
BRDA:41,0,2,0
BRDA:41,0,3,0
BRDA:41,0,4,0
BRDA:41,0,5,0
BRDA:42,1,0,16
BRDA:42,1,1,0
BRDA:43,2,0,0
BRDA:43,2,1,0
BRDA:44,3,0,0
BRDA:44,3,1,0
BRDA:45,4,0,0
BRDA:45,4,1,0
BRDA:46,5,0,0
BRDA:46,5,1,0
BRDA:47,6,0,0
BRDA:47,6,1,0
BRDA:213,7,0,4
BRDA:213,7,1,16
BRDA:235,8,0,0
BRDA:235,8,1,11
BRDA:252,9,0,0
BRDA:252,9,1,0
BRDA:254,10,0,0
BRDA:254,10,1,0
BRDA:254,11,0,0
BRDA:254,11,1,0
BRDA:254,11,2,0
BRDA:257,12,0,0
BRDA:257,12,1,0
BRDA:261,13,0,0
BRDA:261,13,1,0
BRDA:265,14,0,0
BRDA:265,14,1,0
BRDA:298,15,0,0
BRDA:298,15,1,0
BRDA:306,16,0,0
BRDA:311,17,0,0
BRDA:311,17,1,0
BRDA:315,18,0,0
BRDA:315,18,1,0
BRDA:321,19,0,0
BRDA:321,19,1,0
BRF:44
BRH:5
end_of_record
TN:
SF:utils\activityLogger.js
FN:13,(anonymous_0)
FNF:1
FNH:0
FNDA:0,(anonymous_0)
DA:1,7
DA:2,7
DA:13,7
DA:14,0
DA:16,0
DA:26,0
DA:40,0
DA:42,0
DA:47,7
LF:9
LH:4
BRDA:13,0,0,0
BRDA:13,1,0,0
BRDA:13,2,0,0
BRF:3
BRH:0
end_of_record
TN:
SF:utils\analyticsUpdater.js
FN:9,(anonymous_0)
FNF:1
FNH:0
FNDA:0,(anonymous_0)
DA:1,7
DA:9,7
DA:10,0
DA:11,0
DA:12,0
DA:13,0
DA:14,0
DA:18,0
DA:19,0
DA:20,0
DA:21,0
DA:22,0
DA:24,0
DA:25,0
DA:27,0
DA:28,0
DA:29,0
DA:34,0
DA:35,0
DA:36,0
DA:40,0
DA:41,0
DA:43,0
DA:44,0
DA:46,0
DA:48,0
DA:52,7
LF:27
LH:3
BRDA:9,0,0,0
BRDA:12,1,0,0
BRDA:12,1,1,0
BRDA:18,2,0,0
BRDA:18,2,1,0
BRDA:20,3,0,0
BRDA:20,3,1,0
BRDA:22,4,0,0
BRDA:22,4,1,0
BRDA:27,5,0,0
BRDA:27,5,1,0
BRDA:29,6,0,0
BRDA:29,6,1,0
BRDA:34,7,0,0
BRDA:34,7,1,0
BRDA:34,8,0,0
BRDA:34,8,1,0
BRDA:35,9,0,0
BRDA:35,9,1,0
BRF:19
BRH:0
end_of_record
TN:
SF:utils\email.js
FN:3,(anonymous_0)
FNF:1
FNH:1
FNDA:2,(anonymous_0)
DA:1,7
DA:3,7
DA:4,2
DA:6,2
DA:16,2
DA:25,2
DA:26,2
DA:28,0
DA:29,0
DA:33,7
LF:10
LH:8
BRF:0
BRH:0
end_of_record
TN:
SF:utils\errorHandler.js
FN:4,(anonymous_0)
FN:10,(anonymous_1)
FN:10,(anonymous_2)
FNF:3
FNH:0
FNDA:0,(anonymous_0)
FNDA:0,(anonymous_1)
FNDA:0,(anonymous_2)
DA:5,0
DA:6,0
DA:10,0
DA:11,0
DA:13,0
LF:5
LH:0
BRF:0
BRH:0
end_of_record
